INFO:root:Retrieved data for asset A4515906628890571300 (status code 200)
INFO:root:Retrieved data for asset A1449397849937177992 (status code 200)
INFO:root:Retrieved data for asset A1714800323048321163 (status code 200)
INFO:root:Retrieved data for asset A4698643435765368000 (status code 200)
INFO:root:Retrieved data for asset A12394435489634753420 (status code 200)
INFO:root:Retrieved data for asset A999999696969699669 (status code 200)
INFO:root:Retrieved data for asset A2636439741159560000 (status code 200)
INFO:root:Retrieved data for asset A7061850767901262335 (status code 200)
INFO:root:Retrieved data for asset A4491252032917529600 (status code 200)
INFO:root:Retrieved data for asset A12307493453657792498 (status code 200)
INFO:root:Retrieved data for asset A1777777709092016298 (status code 200)
INFO:root:Retrieved data for asset A5572732321608792481 (status code 200)
INFO:root:Retrieved data for asset A705150012944689361 (status code 200)
INFO:root:Retrieved data for asset A1380964387736927174 (status code 200)
INFO:root:Retrieved data for asset A1397990226586964852 (status code 200)
INFO:root:Retrieved data for asset A1234000000000000001 (status code 200)
INFO:root:Retrieved data for asset A9474649292549805341 (status code 200)
INFO:root:Retrieved data for asset A5556224064384984536 (status code 200)
INFO:root:Retrieved data for asset A12354652990880865600 (status code 200)
INFO:root:Retrieved data for asset A4657262672172080712 (status code 200)
INFO:root:Retrieved data for asset A6525919798785047476 (status code 200)
INFO:root:Retrieved data for asset A13372352173796346183 (status code 200)
INFO:root:Retrieved data for asset A8716460172762788337 (status code 200)
INFO:root:Retrieved data for asset A10040547254441819062 (status code 200)
INFO:root:Retrieved data for asset A5344312037118849000 (status code 200)
INFO:root:Retrieved data for asset A5501721473834930000 (status code 200)
INFO:root:Retrieved data for asset A7839327918455651956 (status code 200)
INFO:root:Retrieved data for asset A6951416103960996784 (status code 200)
INFO:root:Retrieved data for asset A7552340334203099709 (status code 200)
INFO:root:Retrieved data for asset A583391351782462942 (status code 200)
INFO:root:Retrieved data for asset A8000712260875075000 (status code 200)
INFO:root:Retrieved data for asset A12357315641138031478 (status code 200)
INFO:root:Retrieved data for asset A12658353245476050000 (status code 200)
INFO:root:Retrieved data for asset A8994458457620696969 (status code 200)
INFO:root:Retrieved data for asset A11369437878122220845 (status code 200)
INFO:root:Retrieved data for asset A17004921076345637000 (status code 200)
INFO:root:Retrieved data for asset A15781411009218513000 (status code 200)
INFO:root:Retrieved data for asset A6209941760867399000 (status code 200)
INFO:root:Retrieved data for asset A3921281855755230923 (status code 200)
INFO:root:Retrieved data for asset A6295701710380377885 (status code 200)
INFO:root:Retrieved data for asset A6047000000000006047 (status code 200)
INFO:root:Retrieved data for asset A6616193069324940000 (status code 200)
INFO:root:Retrieved data for asset A13336660628198778834 (status code 200)
INFO:root:Retrieved data for asset A8008135800813580085 (status code 200)
INFO:root:Retrieved data for asset A999666696969999669 (status code 200)
INFO:root:Retrieved data for asset A1350331380742150189 (status code 200)
INFO:root:Retrieved data for asset A161519201311215145 (status code 200)
INFO:root:Retrieved data for asset A5433937813514022010 (status code 200)
INFO:root:Retrieved data for asset A12066123729716648000 (status code 200)
INFO:root:Retrieved data for asset A13083972509419815665 (status code 200)
INFO:root:Retrieved data for asset A9480446945963210000 (status code 200)
INFO:root:Retrieved data for asset A12301588492677696204 (status code 200)
INFO:root:Retrieved data for asset A8802628178026515559 (status code 200)
INFO:root:Retrieved data for asset A4328048866937698291 (status code 200)
INFO:root:Retrieved data for asset A5555554045555555555 (status code 200)
INFO:root:Retrieved data for asset A9494624877119506000 (status code 200)
INFO:root:Retrieved data for asset A6449498850632000461 (status code 200)
INFO:root:Retrieved data for asset A17023663791149332840 (status code 200)
INFO:root:Retrieved data for asset A1234000000000000005 (status code 200)
INFO:root:Retrieved data for asset A7940572578550479806 (status code 200)
INFO:root:Retrieved data for asset A1418950274672556056 (status code 200)
INFO:root:Retrieved data for asset A14099796742918991159 (status code 200)
INFO:root:Retrieved data for asset A8537075171834748570 (status code 200)
INFO:root:Retrieved data for asset A6047360473604796047 (status code 200)
INFO:root:Retrieved data for asset A4354343008809932291 (status code 200)
INFO:root:Retrieved data for asset A9892993976821807000 (status code 200)
INFO:root:Retrieved data for asset A13371337133713370001 (status code 200)
INFO:root:Retrieved data for asset A7237628700916308769 (status code 200)
INFO:root:Retrieved data for asset A6191790181671182855 (status code 200)
INFO:root:Retrieved data for asset A16910771143072006000 (status code 200)
INFO:root:Retrieved data for asset A16031130839647111000 (status code 200)
INFO:root:Retrieved data for asset A8080808080808080800 (status code 200)
INFO:root:Retrieved data for asset A192011316192510000 (status code 200)
INFO:root:Retrieved data for asset A808022222222222222 (status code 200)
INFO:root:Retrieved data for asset A8078188082000998834 (status code 200)
INFO:root:Retrieved data for asset A12365209810981428317 (status code 200)
INFO:root:Retrieved data for asset A10832907201819087000 (status code 200)
INFO:root:Retrieved data for asset A5968356289406155902 (status code 200)
INFO:root:Retrieved data for asset A9411130113700000000 (status code 200)
INFO:root:Retrieved data for asset A1370532119012320300 (status code 200)
INFO:root:Retrieved data for asset A12378936065685731876 (status code 200)
INFO:root:Retrieved data for asset A1888888877444444444 (status code 200)
INFO:root:Retrieved data for asset A7460410831454527000 (status code 200)
INFO:root:Retrieved data for asset A1638803355179669420 (status code 200)
INFO:root:Retrieved data for asset A697000069000077769 (status code 200)
INFO:root:Retrieved data for asset A9392207840692937001 (status code 200)
INFO:root:Retrieved data for asset A999666696969999666 (status code 200)
INFO:root:Retrieved data for asset A849765072772731617 (status code 200)
INFO:root:Retrieved data for asset A1281085847249306132 (status code 200)
INFO:root:Retrieved data for asset A13206345074308324690 (status code 200)
INFO:root:Retrieved data for asset A3811804285071215000 (status code 200)
INFO:root:Retrieved data for asset A17541924914972703000 (status code 200)
INFO:root:Retrieved data for asset A9541761320113641481 (status code 200)
INFO:root:Retrieved data for asset A333333303330333000 (status code 200)
INFO:root:Retrieved data for asset A2262622768236938966 (status code 200)
INFO:root:Retrieved data for asset A8100000000000000018 (status code 200)
INFO:root:Retrieved data for asset A14205458206726720000 (status code 200)
INFO:root:Retrieved data for asset A1234000000000000020 (status code 200)
INFO:root:Retrieved data for asset A5243148518469614631 (status code 200)
INFO:root:Retrieved data for asset A2687691388697547131 (status code 200)
INFO:root:Retrieved data for asset A14947915978491386000 (status code 200)
INFO:root:Retrieved data for asset A10535957460701484451 (status code 200)
INFO:root:Retrieved data for asset A18315734125586268000 (status code 200)
INFO:root:Retrieved data for asset A8886513925264515000 (status code 200)
INFO:root:Retrieved data for asset A9559772275591850090 (status code 200)
INFO:root:Retrieved data for asset A2492464643905195500 (status code 200)
INFO:root:Retrieved data for asset A8519889257187187000 (status code 200)
INFO:root:Retrieved data for asset A7769027528277942227 (status code 200)
INFO:root:Retrieved data for asset A2406412234307485000 (status code 200)
INFO:root:Retrieved data for asset A848557084842506882 (status code 200)
INFO:root:Retrieved data for asset A808011111111111111 (status code 200)
INFO:root:Retrieved data for asset A13060585920379408000 (status code 200)
INFO:root:Retrieved data for asset A9939201597539550000 (status code 200)
INFO:root:Retrieved data for asset A2205082538254051553 (status code 200)
INFO:root:Retrieved data for asset A366540248203534500 (status code 200)
INFO:root:Retrieved data for asset A12386019250991741963 (status code 200)
INFO:root:Retrieved data for asset A9955229280511625000 (status code 200)
INFO:root:Retrieved data for asset A14599715268784402000 (status code 200)
INFO:root:Retrieved data for asset A1138796500954482000 (status code 200)
INFO:root:Retrieved data for asset A781030276237811600 (status code 200)
INFO:root:Retrieved data for asset A9193132443578947000 (status code 200)
INFO:root:Retrieved data for asset A12354135474386500298 (status code 200)
INFO:root:Retrieved data for asset A624270420531882157 (status code 200)
INFO:root:Retrieved data for asset A1160623899280301757 (status code 200)
INFO:root:Retrieved data for asset A2100000000000001918 (status code 200)
INFO:root:Retrieved data for asset A1236371008991595674 (status code 200)
INFO:root:Retrieved data for asset A991687113456599461 (status code 200)
INFO:root:Retrieved data for asset A288319822889469786 (status code 200)
INFO:root:Retrieved data for asset A202400000006900001 (status code 200)
INFO:root:Retrieved data for asset A173521863764278535 (status code 200)
INFO:root:Retrieved data for asset A12318502759562489558 (status code 200)
INFO:root:Retrieved data for asset A995745323260604787 (status code 200)
INFO:root:Retrieved data for asset A10000000000000001982 (status code 200)
INFO:root:Retrieved data for asset A12309317120984734906 (status code 200)
INFO:root:Retrieved data for asset A8208301482075435000 (status code 200)
INFO:root:Retrieved data for asset A1629940562992093712 (status code 200)
INFO:root:Retrieved data for asset A1658502707259193937 (status code 200)
INFO:root:Retrieved data for asset A1369210904326473420 (status code 200)
INFO:root:Retrieved data for asset A12310031068468586281 (status code 200)
INFO:root:Retrieved data for asset A2121000000030000111 (status code 200)
INFO:root:Retrieved data for asset A1154575868897358834 (status code 200)
INFO:root:Retrieved data for asset A293554703980060224 (status code 200)
INFO:root:Retrieved data for asset A210851755223603345 (status code 200)
INFO:root:Retrieved data for asset A2024000000000000069 (status code 200)
INFO:root:Retrieved data for asset A524925254716613645 (status code 200)
INFO:root:Retrieved data for asset A1043470506549489885 (status code 200)
INFO:root:Retrieved data for asset A817532712137154502 (status code 200)
INFO:root:Retrieved data for asset A11677883691826442144 (status code 200)
INFO:root:Retrieved data for asset A5236170631330171123 (status code 200)
INFO:root:Retrieved data for asset A12387180369888911733 (status code 200)
INFO:root:Retrieved data for asset A1716694027738662243 (status code 200)
INFO:root:Retrieved data for asset A144979283848027847 (status code 200)
INFO:root:Retrieved data for asset A1252044208519263139 (status code 200)
INFO:root:Retrieved data for asset A1420148703590218528 (status code 200)
INFO:root:Retrieved data for asset A3516520301576244700 (status code 200)
INFO:root:Retrieved data for asset A11877607476063635411 (status code 200)
INFO:root:Retrieved data for asset A122035533320557084 (status code 200)
INFO:root:Retrieved data for asset A4111932574727296717 (status code 200)
INFO:root:Retrieved data for asset A1024102410241024000 (status code 200)
INFO:root:Retrieved data for asset A454092392577268841 (status code 200)
INFO:root:Retrieved data for asset A582541865338232032 (status code 200)
INFO:root:Retrieved data for asset A432972942722836736 (status code 200)
INFO:root:Retrieved data for asset A894157316546797589 (status code 200)
INFO:root:Retrieved data for asset A4515906628890571300
INFO:root:Retrieved data for asset A1449397849937177992
INFO:root:Retrieved data for asset A1714800323048321163
INFO:root:Retrieved data for asset A4515906628890571300
INFO:root:Retrieved data for asset A1449397849937177992
INFO:root:Retrieved data for asset A1714800323048321163
INFO:root:Retrieved data for asset A4515906628890571300
INFO:root:Retrieved data for asset A1449397849937177992
INFO:root:Retrieved data for asset A1714800323048321163
WARNING:root:Fields not in fieldnames: dict contains fields not in fieldnames: 'dispensers', 'dispenses', 'holders', 'total', 'sends', 'stamp'
WARNING:root:Fields not in fieldnames: dict contains fields not in fieldnames: 'dispensers', 'dispenses', 'holders', 'total', 'sends', 'stamp'
WARNING:root:Fields not in fieldnames: dict contains fields not in fieldnames: 'dispensers', 'dispenses', 'holders', 'total', 'sends', 'stamp'
INFO:root:Finished retrieving data and writing to CSV file
INFO:root:Retrieved data for asset A4515906628890571300
INFO:root:Retrieved data for asset A1449397849937177992
INFO:root:Retrieved data for asset A1714800323048321163
WARNING:root:Fields not in fieldnames: dict contains fields not in fieldnames: 'dispensers', 'dispenses', 'total', 'sends', 'stamp'
WARNING:root:Fields not in fieldnames: dict contains fields not in fieldnames: 'dispensers', 'dispenses', 'total', 'sends', 'stamp'
WARNING:root:Fields not in fieldnames: dict contains fields not in fieldnames: 'dispensers', 'dispenses', 'total', 'sends', 'stamp'
INFO:root:Finished retrieving data and writing to CSV file
INFO:root:Finished retrieving data and writing to CSV file
INFO:root:Fetching Asset: A4515906628890571300
INFO:root:Fetching Asset: A1449397849937177992
INFO:root:Fetching Asset: A1714800323048321163
INFO:root:Finished retrieving data and writing to CSV file
